array (
  'CRITERION_MONEYBOOKERS_payment_methods' => 'ACC',
  'PROCESSING_REASON_CODE' => '90',
  'IDENTIFICATION_SHORTID' => '3805.9116.8162',
  'TRANSACTION_RESPONSE' => 'ASYNC',
  'CRITERION_MONEYBOOKERS_recipient_description' => 'Integrations Demo Shop',
  'ADDRESS_CITY' => 'Berlin',
  'PROCESSING_TIMESTAMP' => '2013-02-26 14:52:33',
  'CONTACT_MOBILE' => '4921123123123123',
  'PAYMENT_CODE' => 'VA.DB',
  'PROCESSING_REASON' => 'Error in asynchronous workflow',
  'IDENTIFICATION_TRANSACTIONID' => '68_20130226095205_114b93cbdd636d376079494bfcf308e0',
  'ADDRESS_ZIP' => '12345',
  'PROCESSING_STATUS' => 'REJECTED_BANK',
  'CONTACT_IP' => '217.18.249.148',
  'FRONTEND_MODE' => 'DEFAULT',
  'TRANSACTION_CHANNEL' => '8a8294183440904e013446b44792042f',
  'CONTACT_EMAIL' => 'ivantest@abv.bg',
  'PROCESSING_REDIRECT_URL' => 'https://www.moneybookers.com/app/payment.pl',
  'PROCESSING_RESULT' => 'NOK',
  'CLEARING_AMOUNT' => '68.05',
  'FRONTEND_REQUEST_CANCELLED' => 'false',
  'PRESENTATION_CURRENCY' => 'USD',
  'PROCESSING_RETURN' => 'Cancelled by user',
  'PROCESSING_STATUS_CODE' => '60',
  'FRONTEND_SESSION_ID' => 'b6e03cd27278274319c54ff0fc77f3b6',
  'CONTACT_PHONE' => '4921123123123123',
  'NAME_GIVEN' => 'Ivan',
  'PROCESSING_RETURN_CODE' => '100.396.101',
  'ACCOUNT_BRAND' => 'MONEYBOOKERS',
  'PROCESSING_REDIRECT_PARAMETER_sid' => '895ab31044ca83da45531ef17d41078d',
  'ADDRESS_STREET' => '123 PAYSTR23',
  'PRESENTATION_AMOUNT' => '68.05',
  'ACCOUNT_REGISTRATION' => '',
  'NAME_FAMILY' => 'Test',
  'CLEARING_CURRENCY' => 'USD',
  'PROCESSING_CODE' => 'VA.DB.60.90',
  'CLEARING_FXRATE' => '1.0',
  'CRITERION_MONEYBOOKERS_hide_login' => '1',
  'PRESENTATION_USAGE' => '',
  'ADDRESS_COUNTRY' => 'US',
  'ADDRESS_STATE' => 'DELAWARE',
  'CLEARING_DESCRIPTOR' => '3805.9116.8162 IvanTest',
  'CLEARING_FXDATE' => '2013-02-26 14:52:09',
  'TRANSACTION_MODE' => 'CONNECTOR_TEST',
  'RESPONSE_VERSION' => '1.0',
  'PROCESSING_RISK_SCORE' => '0',
  'FRONTEND_CC_LOGO' => 'images/visa_mc.gif',
  'IDENTIFICATION_UNIQUEID' => 'ff8080813cf705e3013d16fd43ee65e2',
  'CLEARING_FXSOURCE' => 'INTERN',
  'CRITERION_frontend_response_url' => 'https://shops.skrillbox.com/prestashop/modules/skrillpsp/validation.php',
  'ACCOUNT_ID' => 'ivantest@abv.bg',
)


array (
  'ACCOUNT_NUMBER_COUNT_OF_DIGITS' => '16',
  'PROCESSING_REASON_CODE' => '00',
  'IDENTIFICATION_SHORTID' => '7751.9128.8482',
  'TRANSACTION_RESPONSE' => 'ASYNC',
  'PROCESSING_RETURN_CODE' => '000.100.112',
  'NAME_GIVEN' => 'Ivan',
  'CRITERION_MONEYBOOKERS_recipient_description' => 'Integrations Demo Shop',
  'ADDRESS_CITY' => 'Berlin',
  'ACCOUNT_BRAND' => 'VISA',
  'PROCESSING_TIMESTAMP' => '2013-02-26 14:58:22',
  'ADDRESS_STREET' => '123 PAYSTR23',
  'PRESENTATION_AMOUNT' => '68.05',
  'CONTACT_MOBILE' => '4921123123123123',
  'ACCOUNT_REGISTRATION' => '',
  'PAYMENT_CODE' => 'CC.RG',
  'PROCESSING_REASON' => 'Successful Processing',
  'IDENTIFICATION_TRANSACTIONID' => '68_20130226095347_114b93cbdd636d376079494bfcf308e0',
  'ADDRESS_ZIP' => '12345',
  'NAME_FAMILY' => 'Test',
  'PROCESSING_STATUS' => 'NEW',
  'PROCESSING_CODE' => 'CC.RG.90.00',
  'CONTACT_IP' => '217.18.249.148',
  'CRITERION_MONEYBOOKERS_hide_login' => '1',
  'FRONTEND_MODE' => 'DEFAULT',
  'TRANSACTION_CHANNEL' => '8a8294183440904e013446b44792042f',
  'CONTACT_EMAIL' => 'ivantest@abv.bg',
  'ACCOUNT_EXPIRY_MONTH' => '10',
  'PROCESSING_RESULT' => 'ACK',
  'ACCOUNT_NUMBER' => '1114',
  'PRESENTATION_USAGE' => '68_20130226095347',
  'ADDRESS_STATE' => '',
  'ADDRESS_COUNTRY' => 'US',
  'NAME_SALUTATION' => 'NONE',
  'TRANSACTION_MODE' => 'CONNECTOR_TEST',
  'FRONTEND_REQUEST_CANCELLED' => 'false',
  'RESPONSE_VERSION' => '1.0',
  'FRONTEND_CC_LOGO' => 'images/visa_mc.gif',
  'PROCESSING_RISK_SCORE' => '0',
  'FRONTEND_CONFIRMATION_STATUS' => 'CONFIRMED',
  'IDENTIFICATION_UNIQUEID' => 'ff8080813cf708e7013d1702f3a46b66',
  'PRESENTATION_CURRENCY' => 'USD',
  'ACCOUNT_EXPIRY_YEAR' => '2014',
  'ACCOUNT_HOLDER' => 'Ivan Test',
  'PROCESSING_RETURN' => 'Request successfully processed in \'Merchant in Connector Test Mode\'',
  'PROCESSING_STATUS_CODE' => '90',
  'CONTACT_PHONE' => '4921123123123123',
  'FRONTEND_SESSION_ID' => 'b6e03cd27278274319c54ff0fc77f3b6',
)


array (
  'response' => '%3C%3Fxml+version%3D%221.0%22+encoding%3D%22UTF-8%22%3F%3E%0D%0A%3CResponse+version%3D%221.0%22%3E%0D%0A++++%3CTransaction+mode%3D%22CONNECTOR_TEST%22+channel%3D%228a8294183440904e013446b44792042f%22+response%3D%22ASYNC%22%3E%0D%0A++++++++%3CIdentification%3E%0D%0A++++++++++++%3CShortID%3E3215.3536.7842%3C%2FShortID%3E%0D%0A++++++++++++%3CUniqueID%3Eff8080813cf708ed013d1702faac7237%3C%2FUniqueID%3E%0D%0A++++++++++++%3CTransactionID%3E68_20130226095347_114b93cbdd636d376079494bfcf308e0%3C%2FTransactionID%3E%0D%0A++++++++++++%3CShopperID+%2F%3E%0D%0A++++++++++++%3CInvoiceID+%2F%3E%0D%0A++++++++++++%3CReferenceID+%2F%3E%0D%0A++++++++%3C%2FIdentification%3E%0D%0A++++++++%3CPayment+code%3D%22CC.PA%22+%2F%3E%0D%0A++++++++%3CAuthentication+type%3D%223DSecure%22%3E%0D%0A++++++++++++%3CResultIndicator%3E07%3C%2FResultIndicator%3E%0D%0A++++++++%3C%2FAuthentication%3E%0D%0A++++++++%3CFrontend%3E%0D%0A++++++++++++%3CSessionID%3Eb6e03cd27278274319c54ff0fc77f3b6%3C%2FSessionID%3E%0D%0A++++++++%3C%2FFrontend%3E%0D%0A++++++++%3CProcessing+code%3D%22CC.PA.65.85%22%3E%0D%0A++++++++++++%3CTimestamp%3E2013-02-26+14%3A58%3A27%3C%2FTimestamp%3E%0D%0A++++++++++++%3CResult%3ENOK%3C%2FResult%3E%0D%0A++++++++++++%3CStatus+code%3D%2265%22%3EREJECTED_RISK%3C%2FStatus%3E%0D%0A++++++++++++%3CReason+code%3D%2285%22%3E3DSecure+Error%3C%2FReason%3E%0D%0A++++++++++++%3CReturn+code%3D%22100.380.401%22%3EUser+Authentication+Failed%3C%2FReturn%3E%0D%0A++++++++++++%3CRisk+score%3D%220%22+%2F%3E%0D%0A++++++++%3C%2FProcessing%3E%0D%0A++++%3C%2FTransaction%3E%0D%0A%3C%2FResponse%3E%0D%0A%0D%0A',
  'threedsecure_verificationpath' => '/payment/threedsecure_verification;jsessionid=9BBDEABF4206B0448C7A176761523DE4.sbg-vm-ps02?ndcid=8a8294183440904e013446b44792042f_6820130226095347114b93cbdd636d376079494bfcf308e0_CTPE_rand7620160dcf3c39ea',
)


array (
  'FRONTEND_NO_BROWSER_SESSION' => 'true',
  'CRITERION_MONEYBOOKERS_payment_methods' => 'ACC',
  'PROCESSING_REASON_CODE' => '90',
  'IDENTIFICATION_SHORTID' => '3354.9401.1554',
  'PROCESSING_RETURN_CODE' => '100.396.103',
  'TRANSACTION_RESPONSE' => 'ASYNC',
  'CRITERION_MONEYBOOKERS_recipient_description' => 'Integrations Demo Shop',
  'PROCESSING_TIMESTAMP' => '2013-02-26 15:13:12',
  'PAYMENT_CODE' => 'VA.DB',
  'PROCESSING_REASON' => 'Error in asynchronous workflow',
  'IDENTIFICATION_TRANSACTIONID' => '68_20130226095236_114b93cbdd636d376079494bfcf308e0',
  'PROCESSING_STATUS' => 'REJECTED_BANK',
  'CLEARING_CURRENCY' => 'USD',
  'CLEARING_FXRATE' => '1.0',
  'PROCESSING_CODE' => 'VA.DB.60.90',
  'CRITERION_MONEYBOOKERS_hide_login' => '1',
  'TRANSACTION_CHANNEL' => '8a8294183440904e013446b44792042f',
  'PROCESSING_RESULT' => 'NOK',
  'CLEARING_DESCRIPTOR' => '3354.9401.1554 IvanTest',
  'CLEARING_FXDATE' => '2013-02-26 14:52:41',
  'TRANSACTION_MODE' => 'CONNECTOR_TEST',
  'CLEARING_AMOUNT' => '68.05',
  'RESPONSE_VERSION' => '1.0',
  'PROCESSING_RISK_SCORE' => '0',
  'IDENTIFICATION_UNIQUEID' => 'ff8080813cf705e1013d16fdbf316dc2',
  'CLEARING_FXSOURCE' => 'INTERN',
  'PROCESSING_RETURN' => 'Previously pending transaction timed out',
  'CRITERION_frontend_response_url' => 'https://shops.skrillbox.com/prestashop/modules/skrillpsp/validation.php',
  'PROCESSING_STATUS_CODE' => '60',
)


array (
  'FRONTEND_NO_BROWSER_SESSION' => 'true',
  'CRITERION_MONEYBOOKERS_payment_methods' => 'ACC',
  'PROCESSING_REASON_CODE' => '90',
  'IDENTIFICATION_SHORTID' => '8503.5321.6162',
  'PROCESSING_RETURN_CODE' => '100.396.103',
  'TRANSACTION_RESPONSE' => 'ASYNC',
  'CRITERION_MONEYBOOKERS_recipient_description' => 'Integrations Demo Shop',
  'PROCESSING_TIMESTAMP' => '2013-02-26 15:18:12',
  'PAYMENT_CODE' => 'VA.DB',
  'PROCESSING_REASON' => 'Error in asynchronous workflow',
  'IDENTIFICATION_TRANSACTIONID' => '68_20130226095304_114b93cbdd636d376079494bfcf308e0',
  'PROCESSING_STATUS' => 'REJECTED_BANK',
  'CLEARING_CURRENCY' => 'USD',
  'CLEARING_FXRATE' => '1.0',
  'PROCESSING_CODE' => 'VA.DB.60.90',
  'CRITERION_MONEYBOOKERS_hide_login' => '1',
  'TRANSACTION_CHANNEL' => '8a8294183440904e013446b44792042f',
  'PROCESSING_RESULT' => 'NOK',
  'CLEARING_DESCRIPTOR' => '8503.5321.6162 IvanTest',
  'CLEARING_FXDATE' => '2013-02-26 14:53:36',
  'TRANSACTION_MODE' => 'CONNECTOR_TEST',
  'CLEARING_AMOUNT' => '68.05',
  'RESPONSE_VERSION' => '1.0',
  'PROCESSING_RISK_SCORE' => '0',
  'IDENTIFICATION_UNIQUEID' => 'ff8080813cf708ed013d16fe97627174',
  'CLEARING_FXSOURCE' => 'INTERN',
  'PROCESSING_RETURN' => 'Previously pending transaction timed out',
  'CRITERION_frontend_response_url' => 'https://shops.skrillbox.com/prestashop/modules/skrillpsp/validation.php',
  'PROCESSING_STATUS_CODE' => '60',
)


array (
  'PROCESSING_REASON_CODE' => '70',
  'PAYMENT_CODE' => 'er.er',
  'PROCESSING_REASON' => 'Communication Error',
  'PROCESSING_RETURN_CODE' => '900.300.600',
  'PROCESSING_RESULT' => 'NOK',
  'IDENTIFICATION_TRANSACTIONID' => '69_20130226103706_965259c5bdb2ef529ef048ec96e8d7e1',
  'PROCESSING_RETURN' => 'user session timeout',
  'PROCESSING_TIMESTAMP' => '2013-02-26 16:15:12',
  'PROCESSING_STATUS_CODE' => '60',
  'PROCESSING_STATUS' => 'REJECTED_BANK',
  'PROCESSING_CODE' => 'er.er.60.70',
)


array (
  'ACCOUNT_NUMBER_COUNT_OF_DIGITS' => '16',
  'PROCESSING_REASON_CODE' => '00',
  'IDENTIFICATION_SHORTID' => '4310.5703.3890',
  'TRANSACTION_RESPONSE' => 'ASYNC',
  'PROCESSING_RETURN_CODE' => '000.100.112',
  'NAME_GIVEN' => 'M',
  'CRITERION_MONEYBOOKERS_recipient_description' => 'Integrations Demo Shop',
  'ADDRESS_CITY' => 'test',
  'ACCOUNT_BRAND' => 'VISA',
  'PROCESSING_TIMESTAMP' => '2013-02-26 16:15:56',
  'ADDRESS_STREET' => 'TEST',
  'PRESENTATION_AMOUNT' => '68.05',
  'CONTACT_MOBILE' => '',
  'ACCOUNT_REGISTRATION' => '',
  'PAYMENT_CODE' => 'CC.RG',
  'PROCESSING_REASON' => 'Successful Processing',
  'IDENTIFICATION_TRANSACTIONID' => '69_20130226111514_965259c5bdb2ef529ef048ec96e8d7e1',
  'ADDRESS_ZIP' => '94704',
  'NAME_FAMILY' => 'G',
  'PROCESSING_STATUS' => 'NEW',
  'PROCESSING_CODE' => 'CC.RG.90.00',
  'CONTACT_IP' => '217.18.249.148',
  'CRITERION_MONEYBOOKERS_hide_login' => '1',
  'FRONTEND_MODE' => 'DEFAULT',
  'TRANSACTION_CHANNEL' => '8a8294183440904e013446b44792042f',
  'CONTACT_EMAIL' => 'mariana.georgieva@skrill.com',
  'ACCOUNT_EXPIRY_MONTH' => '2',
  'PROCESSING_RESULT' => 'ACK',
  'ACCOUNT_NUMBER' => '1114',
  'PRESENTATION_USAGE' => '69_20130226111514',
  'ADDRESS_STATE' => '',
  'ADDRESS_COUNTRY' => 'US',
  'NAME_SALUTATION' => 'NONE',
  'TRANSACTION_MODE' => 'CONNECTOR_TEST',
  'FRONTEND_REQUEST_CANCELLED' => 'false',
  'RESPONSE_VERSION' => '1.0',
  'FRONTEND_CC_LOGO' => 'images/visa_mc.gif',
  'PROCESSING_RISK_SCORE' => '0',
  'FRONTEND_CONFIRMATION_STATUS' => 'CONFIRMED',
  'IDENTIFICATION_UNIQUEID' => 'ff8080813cf708e7013d1749f9ab75d5',
  'PRESENTATION_CURRENCY' => 'USD',
  'ACCOUNT_EXPIRY_YEAR' => '2014',
  'ACCOUNT_HOLDER' => 'M G',
  'PROCESSING_RETURN' => 'Request successfully processed in \'Merchant in Connector Test Mode\'',
  'PROCESSING_STATUS_CODE' => '90',
  'CONTACT_PHONE' => '1111111111',
  'FRONTEND_SESSION_ID' => 'ee1a978607bf64910cd501cfc301bb8b',
)


array (
  'response' => '%3C%3Fxml+version%3D%221.0%22+encoding%3D%22UTF-8%22%3F%3E%0D%0A%3CResponse+version%3D%221.0%22%3E%0D%0A++++%3CTransaction+mode%3D%22CONNECTOR_TEST%22+channel%3D%228a8294183440904e013446b44792042f%22+response%3D%22ASYNC%22%3E%0D%0A++++++++%3CIdentification%3E%0D%0A++++++++++++%3CShortID%3E8531.7178.8450%3C%2FShortID%3E%0D%0A++++++++++++%3CUniqueID%3Eff8080813cf705e3013d174a01316e25%3C%2FUniqueID%3E%0D%0A++++++++++++%3CTransactionID%3E69_20130226111514_965259c5bdb2ef529ef048ec96e8d7e1%3C%2FTransactionID%3E%0D%0A++++++++++++%3CShopperID+%2F%3E%0D%0A++++++++++++%3CInvoiceID+%2F%3E%0D%0A++++++++++++%3CReferenceID+%2F%3E%0D%0A++++++++%3C%2FIdentification%3E%0D%0A++++++++%3CPayment+code%3D%22CC.PA%22+%2F%3E%0D%0A++++++++%3CAuthentication+type%3D%223DSecure%22%3E%0D%0A++++++++++++%3CResultIndicator%3E07%3C%2FResultIndicator%3E%0D%0A++++++++%3C%2FAuthentication%3E%0D%0A++++++++%3CFrontend%3E%0D%0A++++++++++++%3CSessionID%3Eee1a978607bf64910cd501cfc301bb8b%3C%2FSessionID%3E%0D%0A++++++++%3C%2FFrontend%3E%0D%0A++++++++%3CProcessing+code%3D%22CC.PA.65.85%22%3E%0D%0A++++++++++++%3CTimestamp%3E2013-02-26+16%3A16%3A03%3C%2FTimestamp%3E%0D%0A++++++++++++%3CResult%3ENOK%3C%2FResult%3E%0D%0A++++++++++++%3CStatus+code%3D%2265%22%3EREJECTED_RISK%3C%2FStatus%3E%0D%0A++++++++++++%3CReason+code%3D%2285%22%3E3DSecure+Error%3C%2FReason%3E%0D%0A++++++++++++%3CReturn+code%3D%22100.380.401%22%3EUser+Authentication+Failed%3C%2FReturn%3E%0D%0A++++++++++++%3CRisk+score%3D%220%22+%2F%3E%0D%0A++++++++%3C%2FProcessing%3E%0D%0A++++%3C%2FTransaction%3E%0D%0A%3C%2FResponse%3E%0D%0A%0D%0A',
  'threedsecure_verificationpath' => '/payment/threedsecure_verification;jsessionid=D7122E789C013603605D3AC3B1262528.sbg-vm-ps01?ndcid=8a8294183440904e013446b44792042f_6920130226111514965259c5bdb2ef529ef048ec96e8d7e1_CTPE_rand9fd7b154f4909285',
)


